[INFO] 2025-03-06 17:17:19,801 - 摄像头 0 已就绪 | 分辨率：(1280, 720)
[INFO] 2025-03-06 17:17:19,803 - SDP服务已启动 | 地址：192.168.31.97 | 端口：20000
[INFO] 2025-03-06 17:17:19,804 - 创建新连接
[INFO] 2025-03-06 17:17:19,804 - 服务器初始化完成
[INFO] 2025-03-06 17:17:24,820 - 等待客户端应答...
[INFO] 2025-03-06 17:18:07,135 - 连接状态变更: connecting
[INFO] 2025-03-06 17:18:07,401 - 连接状态变更: connected
[WARNING] 2025-03-06 17:19:46,209 - 连接超时
[INFO] 2025-03-06 17:19:46,212 - 连接状态变更: closed
[INFO] 2025-03-06 17:19:47,218 - 连接结束
[INFO] 2025-03-06 17:19:47,218 - 创建新连接
[INFO] 2025-03-06 17:19:52,215 - 等待客户端应答...
[INFO] 2025-03-06 17:21:03,530 - 连接状态变更: connecting
[INFO] 2025-03-06 17:21:03,765 - 连接状态变更: connected
[WARNING] 2025-03-06 17:29:01,656 - 需要重新连接
[INFO] 2025-03-06 17:29:01,660 - 连接状态变更: closed
[INFO] 2025-03-06 17:29:02,671 - 连接结束
[INFO] 2025-03-06 17:29:02,671 - 创建新连接
[INFO] 2025-03-06 17:29:07,678 - 等待客户端应答...
[INFO] 2025-03-06 17:29:15,292 - 连接状态变更: connecting
[INFO] 2025-03-06 17:29:15,994 - 连接状态变更: connected
